This is pdfTeX, Version 3.1415926-2.4-1.40.13 (MiKTeX 2.9) (preloaded format=pdflatex 2012.9.17)  14 DEC 2012 23:18
entering extended mode
**C:/Users/Fabian/Documents/GitHub/ship-evacuation/doc/latex/report_ship_evacua
tion.tex

(C:/Users/Fabian/Documents/GitHub/ship-evacuation/doc/latex/report_ship_evacuat
ion.tex
LaTeX2e <2011/06/27>
Babel <v3.8m> and hyphenation patterns for english, afrikaans, ancientgreek, ar
abic, armenian, assamese, basque, bengali, bokmal, bulgarian, catalan, coptic, 
croatian, czech, danish, dutch, esperanto, estonian, farsi, finnish, french, ga
lician, german, german-x-2012-05-30, greek, gujarati, hindi, hungarian, iceland
ic, indonesian, interlingua, irish, italian, kannada, kurmanji, latin, latvian,
 lithuanian, malayalam, marathi, mongolian, mongolianlmc, monogreek, ngerman, n
german-x-2012-05-30, nynorsk, oriya, panjabi, pinyin, polish, portuguese, roman
ian, russian, sanskrit, serbian, slovak, slovenian, spanish, swedish, swissgerm
an, tamil, telugu, turkish, turkmen, ukenglish, ukrainian, uppersorbian, usengl
ishmax, welsh, loaded.
("C:\Program Files (x86)\MiKTeX 2.9\tex\latex\base\article.cls"
Document Class: article 2007/10/19 v1.4h Standard LaTeX document class
("C:\Program Files (x86)\MiKTeX 2.9\tex\latex\base\size11.clo"
File: size11.clo 2007/10/19 v1.4h Standard LaTeX file (size option)
)
\c@part=\count79
\c@section=\count80
\c@subsection=\count81
\c@subsubsection=\count82
\c@paragraph=\count83
\c@subparagraph=\count84
\c@figure=\count85
\c@table=\count86
\abovecaptionskip=\skip41
\belowcaptionskip=\skip42
\bibindent=\dimen102
)
("C:\Program Files (x86)\MiKTeX 2.9\tex\latex\geometry\geometry.sty"
Package: geometry 2010/09/12 v5.6 Page Geometry

("C:\Program Files (x86)\MiKTeX 2.9\tex\latex\graphics\keyval.sty"
Package: keyval 1999/03/16 v1.13 key=value parser (DPC)
\KV@toks@=\toks14
)
("C:\Program Files (x86)\MiKTeX 2.9\tex\generic\oberdiek\ifpdf.sty"
Package: ifpdf 2011/01/30 v2.3 Provides the ifpdf switch (HO)
Package ifpdf Info: pdfTeX in PDF mode is detected.
)
("C:\Program Files (x86)\MiKTeX 2.9\tex\generic\oberdiek\ifvtex.sty"
Package: ifvtex 2010/03/01 v1.5 Detect VTeX and its facilities (HO)
Package ifvtex Info: VTeX not detected.
)
("C:\Program Files (x86)\MiKTeX 2.9\tex\generic\ifxetex\ifxetex.sty"
Package: ifxetex 2010/09/12 v0.6 Provides ifxetex conditional
)
\Gm@cnth=\count87
\Gm@cntv=\count88
\c@Gm@tempcnt=\count89
\Gm@bindingoffset=\dimen103
\Gm@wd@mp=\dimen104
\Gm@odd@mp=\dimen105
\Gm@even@mp=\dimen106
\Gm@layoutwidth=\dimen107
\Gm@layoutheight=\dimen108
\Gm@layouthoffset=\dimen109
\Gm@layoutvoffset=\dimen110
\Gm@dimlist=\toks15

("C:\Program Files (x86)\MiKTeX 2.9\tex\latex\geometry\geometry.cfg"))
("C:\Program Files (x86)\MiKTeX 2.9\tex\latex\ltxmisc\url.sty"
\Urlmuskip=\muskip10
Package: url 2006/04/12  ver 3.3  Verb mode for urls, etc.
)
("C:\Program Files (x86)\MiKTeX 2.9\tex\latex\listings\listings.sty"
\lst@mode=\count90
\lst@gtempboxa=\box26
\lst@token=\toks16
\lst@length=\count91
\lst@currlwidth=\dimen111
\lst@column=\count92
\lst@pos=\count93
\lst@lostspace=\dimen112
\lst@width=\dimen113
\lst@newlines=\count94
\lst@lineno=\count95
\lst@maxwidth=\dimen114

("C:\Program Files (x86)\MiKTeX 2.9\tex\latex\listings\lstmisc.sty"
File: lstmisc.sty 2007/02/22 1.4 (Carsten Heinz)
\c@lstnumber=\count96
\lst@skipnumbers=\count97
\lst@framebox=\box27
)
("C:\Program Files (x86)\MiKTeX 2.9\tex\latex\listings\listings.cfg"
File: listings.cfg 2007/02/22 1.4 listings configuration
))
Package: listings 2007/02/22 1.4 (Carsten Heinz)

("C:\Program Files (x86)\MiKTeX 2.9\tex\latex\graphics\graphicx.sty"
Package: graphicx 1999/02/16 v1.0f Enhanced LaTeX Graphics (DPC,SPQR)

("C:\Program Files (x86)\MiKTeX 2.9\tex\latex\graphics\graphics.sty"
Package: graphics 2009/02/05 v1.0o Standard LaTeX Graphics (DPC,SPQR)

("C:\Program Files (x86)\MiKTeX 2.9\tex\latex\graphics\trig.sty"
Package: trig 1999/03/16 v1.09 sin cos tan (DPC)
)
("C:\Program Files (x86)\MiKTeX 2.9\tex\latex\00miktex\graphics.cfg"
File: graphics.cfg 2007/01/18 v1.5 graphics configuration of teTeX/TeXLive
)
Package graphics Info: Driver file: pdftex.def on input line 91.

("C:\Program Files (x86)\MiKTeX 2.9\tex\latex\pdftex-def\pdftex.def"
File: pdftex.def 2011/05/27 v0.06d Graphics/color for pdfTeX

("C:\Program Files (x86)\MiKTeX 2.9\tex\generic\oberdiek\infwarerr.sty"
Package: infwarerr 2010/04/08 v1.3 Providing info/warning/error messages (HO)
)
("C:\Program Files (x86)\MiKTeX 2.9\tex\generic\oberdiek\ltxcmds.sty"
Package: ltxcmds 2011/11/09 v1.22 LaTeX kernel commands for general use (HO)
)
\Gread@gobject=\count98
))
\Gin@req@height=\dimen115
\Gin@req@width=\dimen116
)
("C:\Program Files (x86)\MiKTeX 2.9\tex\latex\amsfonts\amssymb.sty"
Package: amssymb 2009/06/22 v3.00

("C:\Program Files (x86)\MiKTeX 2.9\tex\latex\amsfonts\amsfonts.sty"
Package: amsfonts 2009/06/22 v3.00 Basic AMSFonts support
\@emptytoks=\toks17
\symAMSa=\mathgroup4
\symAMSb=\mathgroup5
LaTeX Font Info:    Overwriting math alphabet `\mathfrak' in version `bold'
(Font)                  U/euf/m/n --> U/euf/b/n on input line 96.
))
("C:\Program Files (x86)\MiKTeX 2.9\tex\latex\oberdiek\epstopdf.sty"
Package: epstopdf 2010/02/09 v2.5 Conversion with epstopdf on the fly (HO)

("C:\Program Files (x86)\MiKTeX 2.9\tex\latex\oberdiek\epstopdf-base.sty"
Package: epstopdf-base 2010/02/09 v2.5 Base part for package epstopdf

("C:\Program Files (x86)\MiKTeX 2.9\tex\latex\oberdiek\grfext.sty"
Package: grfext 2010/08/19 v1.1 Manage graphics extensions (HO)

("C:\Program Files (x86)\MiKTeX 2.9\tex\generic\oberdiek\kvdefinekeys.sty"
Package: kvdefinekeys 2011/04/07 v1.3 Define keys (HO)
))
("C:\Program Files (x86)\MiKTeX 2.9\tex\latex\oberdiek\kvoptions.sty"
Package: kvoptions 2011/06/30 v3.11 Key value format for package options (HO)

("C:\Program Files (x86)\MiKTeX 2.9\tex\generic\oberdiek\kvsetkeys.sty"
Package: kvsetkeys 2012/04/25 v1.16 Key value parser (HO)

("C:\Program Files (x86)\MiKTeX 2.9\tex\generic\oberdiek\etexcmds.sty"
Package: etexcmds 2011/02/16 v1.5 Avoid name clashes with e-TeX commands (HO)

("C:\Program Files (x86)\MiKTeX 2.9\tex\generic\oberdiek\ifluatex.sty"
Package: ifluatex 2010/03/01 v1.3 Provides the ifluatex switch (HO)
Package ifluatex Info: LuaTeX not detected.
)
Package etexcmds Info: Could not find \expanded.
(etexcmds)             That can mean that you are not using pdfTeX 1.50 or
(etexcmds)             that some package has redefined \expanded.
(etexcmds)             In the latter case, load this package earlier.
)))
("C:\Program Files (x86)\MiKTeX 2.9\tex\generic\oberdiek\pdftexcmds.sty"
Package: pdftexcmds 2011/11/29 v0.20 Utility functions of pdfTeX for LuaTeX (HO
)
Package pdftexcmds Info: LuaTeX not detected.
Package pdftexcmds Info: \pdf@primitive is available.
Package pdftexcmds Info: \pdf@ifprimitive is available.
Package pdftexcmds Info: \pdfdraftmode found.
)
Package grfext Info: Graphics extension search list:
(grfext)             [.png,.pdf,.jpg,.mps,.jpeg,.jbig2,.jb2,.PNG,.PDF,.JPG,.JPE
G,.JBIG2,.JB2,.eps]
(grfext)             \AppendGraphicsExtensions on input line 452.
))
("C:\Program Files (x86)\MiKTeX 2.9\tex\latex\natbib\natbib.sty"
Package: natbib 2010/09/13 8.31b (PWD, AO)
\bibhang=\skip43
\bibsep=\skip44
LaTeX Info: Redefining \cite on input line 694.
\c@NAT@ctr=\count99
)
("C:\Program Files (x86)\MiKTeX 2.9\tex\latex\ams\math\amsmath.sty"
Package: amsmath 2000/07/18 v2.13 AMS math features
\@mathmargin=\skip45

For additional information on amsmath, use the `?' option.
("C:\Program Files (x86)\MiKTeX 2.9\tex\latex\ams\math\amstext.sty"
Package: amstext 2000/06/29 v2.01

("C:\Program Files (x86)\MiKTeX 2.9\tex\latex\ams\math\amsgen.sty"
File: amsgen.sty 1999/11/30 v2.0
\@emptytoks=\toks18
\ex@=\dimen117
))
("C:\Program Files (x86)\MiKTeX 2.9\tex\latex\ams\math\amsbsy.sty"
Package: amsbsy 1999/11/29 v1.2d
\pmbraise@=\dimen118
)
("C:\Program Files (x86)\MiKTeX 2.9\tex\latex\ams\math\amsopn.sty"
Package: amsopn 1999/12/14 v2.01 operator names
)
\inf@bad=\count100
LaTeX Info: Redefining \frac on input line 211.
\uproot@=\count101
\leftroot@=\count102
LaTeX Info: Redefining \overline on input line 307.
\classnum@=\count103
\DOTSCASE@=\count104
LaTeX Info: Redefining \ldots on input line 379.
LaTeX Info: Redefining \dots on input line 382.
LaTeX Info: Redefining \cdots on input line 467.
\Mathstrutbox@=\box28
\strutbox@=\box29
\big@size=\dimen119
LaTeX Font Info:    Redeclaring font encoding OML on input line 567.
LaTeX Font Info:    Redeclaring font encoding OMS on input line 568.
\macc@depth=\count105
\c@MaxMatrixCols=\count106
\dotsspace@=\muskip11
\c@parentequation=\count107
\dspbrk@lvl=\count108
\tag@help=\toks19
\row@=\count109
\column@=\count110
\maxfields@=\count111
\andhelp@=\toks20
\eqnshift@=\dimen120
\alignsep@=\dimen121
\tagshift@=\dimen122
\tagwidth@=\dimen123
\totwidth@=\dimen124
\lineht@=\dimen125
\@envbody=\toks21
\multlinegap=\skip46
\multlinetaggap=\skip47
\mathdisplay@stack=\toks22
LaTeX Info: Redefining \[ on input line 2666.
LaTeX Info: Redefining \] on input line 2667.
)
("C:\Program Files (x86)\MiKTeX 2.9\tex\latex\tools\array.sty"
Package: array 2008/09/09 v2.4c Tabular extension package (FMi)
\col@sep=\dimen126
\extrarowheight=\dimen127
\NC@list=\toks23
\extratabsurround=\skip48
\backup@length=\skip49
)
("C:\Program Files (x86)\MiKTeX 2.9\tex\latex\pdfpages\pdfpages.sty"
Package: pdfpages 2012/08/31 v0.4t Insert pages of external PDF documents (AM)

("C:\Program Files (x86)\MiKTeX 2.9\tex\latex\base\ifthen.sty"
Package: ifthen 2001/05/26 v1.1c Standard LaTeX ifthen package (DPC)
)
("C:\Program Files (x86)\MiKTeX 2.9\tex\latex\tools\calc.sty"
Package: calc 2007/08/22 v4.3 Infix arithmetic (KKT,FJ)
\calc@Acount=\count112
\calc@Bcount=\count113
\calc@Adimen=\dimen128
\calc@Bdimen=\dimen129
\calc@Askip=\skip50
\calc@Bskip=\skip51
LaTeX Info: Redefining \setlength on input line 76.
LaTeX Info: Redefining \addtolength on input line 77.
\calc@Ccount=\count114
\calc@Cskip=\skip52
)
("C:\Program Files (x86)\MiKTeX 2.9\tex\latex\eso-pic\eso-pic.sty"
Package: eso-pic 2010/10/06 v2.0c eso-pic (RN)

("C:\Program Files (x86)\MiKTeX 2.9\tex\generic\oberdiek\atbegshi.sty"
Package: atbegshi 2011/10/05 v1.16 At begin shipout hook (HO)
)
("C:\Program Files (x86)\MiKTeX 2.9\tex\latex\xcolor\xcolor.sty"
Package: xcolor 2007/01/21 v2.11 LaTeX color extensions (UK)

("C:\Program Files (x86)\MiKTeX 2.9\tex\latex\00miktex\color.cfg"
File: color.cfg 2007/01/18 v1.5 color configuration of teTeX/TeXLive
)
Package xcolor Info: Driver file: pdftex.def on input line 225.
Package xcolor Info: Model `cmy' substituted by `cmy0' on input line 1337.
Package xcolor Info: Model `hsb' substituted by `rgb' on input line 1341.
Package xcolor Info: Model `RGB' extended on input line 1353.
Package xcolor Info: Model `HTML' substituted by `rgb' on input line 1355.
Package xcolor Info: Model `Hsb' substituted by `hsb' on input line 1356.
Package xcolor Info: Model `tHsb' substituted by `hsb' on input line 1357.
Package xcolor Info: Model `HSB' substituted by `hsb' on input line 1358.
Package xcolor Info: Model `Gray' substituted by `gray' on input line 1359.
Package xcolor Info: Model `wave' substituted by `hsb' on input line 1360.
))
("C:\Program Files (x86)\MiKTeX 2.9\tex\latex\pdfpages\pppdftex.def"
File: pppdftex.def 2012/08/31 v0.4t Pdfpages driver for pdfTeX (AM)
)
\AM@pagebox=\box30
\AM@toc@title=\toks24
\c@AM@survey=\count115
\AM@templatesizebox=\box31
)
("C:\Program Files (x86)\MiKTeX 2.9\tex\latex\float\float.sty"
Package: float 2001/11/08 v1.3d Float enhancements (AL)
\c@float@type=\count116
\float@exts=\toks25
\float@box=\box32
\@float@everytoks=\toks26
\@floatcapt=\box33
)
("C:\Program Files (x86)\MiKTeX 2.9\tex\latex\caption\caption.sty"
Package: caption 2012/02/19 v3.2f Customizing captions (AR)

("C:\Program Files (x86)\MiKTeX 2.9\tex\latex\caption\caption3.sty"
Package: caption3 2012/01/12 v1.4b caption3 kernel (AR)
\captionmargin=\dimen130
\captionmargin@=\dimen131
\captionwidth=\dimen132
\caption@indent=\dimen133
\caption@parindent=\dimen134
\caption@hangindent=\dimen135
)
\c@ContinuedFloat=\count117
Package caption Info: float package is loaded.
Package caption Info: listings package is loaded.
)
("C:\Program Files (x86)\MiKTeX 2.9\tex\latex\caption\subcaption.sty"
Package: subcaption 2012/01/12 v1.1d Sub-captions (AR)
\c@subfigure=\count118
\c@subtable=\count119
)
(C:\Users\Fabian\Documents\GitHub\ship-evacuation\doc\latex\report_ship_evacuat
ion.aux)
LaTeX Font Info:    Checking defaults for OML/cmm/m/it on input line 27.
LaTeX Font Info:    ... okay on input line 27.
LaTeX Font Info:    Checking defaults for T1/cmr/m/n on input line 27.
LaTeX Font Info:    ... okay on input line 27.
LaTeX Font Info:    Checking defaults for OT1/cmr/m/n on input line 27.
LaTeX Font Info:    ... okay on input line 27.
LaTeX Font Info:    Checking defaults for OMS/cmsy/m/n on input line 27.
LaTeX Font Info:    ... okay on input line 27.
LaTeX Font Info:    Checking defaults for OMX/cmex/m/n on input line 27.
LaTeX Font Info:    ... okay on input line 27.
LaTeX Font Info:    Checking defaults for U/cmr/m/n on input line 27.
LaTeX Font Info:    ... okay on input line 27.

*geometry* driver: auto-detecting
*geometry* detected driver: pdftex
*geometry* verbose mode - [ preamble ] result:
* driver: pdftex
* paper: letterpaper
* layout: <same size as paper>
* layoutoffset:(h,v)=(0.0pt,0.0pt)
* modes: 
* h-part:(L,W,R)=(92.14519pt, 430.00462pt, 92.14519pt)
* v-part:(T,H,B)=(95.39737pt, 556.47656pt, 143.09605pt)
* \paperwidth=614.295pt
* \paperheight=794.96999pt
* \textwidth=430.00462pt
* \textheight=556.47656pt
* \oddsidemargin=19.8752pt
* \evensidemargin=19.8752pt
* \topmargin=-13.87262pt
* \headheight=12.0pt
* \headsep=25.0pt
* \topskip=11.0pt
* \footskip=30.0pt
* \marginparwidth=59.0pt
* \marginparsep=10.0pt
* \columnsep=10.0pt
* \skip\footins=10.0pt plus 4.0pt minus 2.0pt
* \hoffset=0.0pt
* \voffset=0.0pt
* \mag=1000
* \@twocolumnfalse
* \@twosidefalse
* \@mparswitchfalse
* \@reversemarginfalse
* (1in=72.27pt=25.4mm, 1cm=28.453pt)

\c@lstlisting=\count120
("C:\Program Files (x86)\MiKTeX 2.9\tex\context\base\supp-pdf.mkii"
[Loading MPS to PDF converter (version 2006.09.02).]
\scratchcounter=\count121
\scratchdimen=\dimen136
\scratchbox=\box34
\nofMPsegments=\count122
\nofMParguments=\count123
\everyMPshowfont=\toks27
\MPscratchCnt=\count124
\MPscratchDim=\dimen137
\MPnumerator=\count125
\makeMPintoPDFobject=\count126
\everyMPtoPDFconversion=\toks28
)
\AtBeginShipoutBox=\box35
Package caption Info: Begin \AtBeginDocument code.
Package caption Info: End \AtBeginDocument code.
 (C:\Users\Fabian\Documents\GitHub\ship-evacuation\doc\latex\cover.tex
Package epstopdf Info: Source file: <ETHlogo.eps>
(epstopdf)                    date: 2012-12-14 23:12:13
(epstopdf)                    size: 179075 bytes
(epstopdf)             Output file: <ETHlogo-eps-converted-to.pdf>
(epstopdf)                    date: 2012-12-14 23:12:13
(epstopdf)                    size: 14376 bytes
(epstopdf)             Command: <epstopdf --outfile=ETHlogo-eps-converted-to.pd
f ETHlogo.eps>
(epstopdf)             \includegraphics on input line 5.
Package epstopdf Info: Output file is already uptodate.

<ETHlogo-eps-converted-to.pdf, id=1, 179.67125pt x 45.16875pt>
File: ETHlogo-eps-converted-to.pdf Graphic file (type pdf)

<use ETHlogo-eps-converted-to.pdf>
Package pdftex.def Info: ETHlogo-eps-converted-to.pdf used on input line 5.
(pdftex.def)             Requested size: 142.26378pt x 35.76698pt.
LaTeX Font Info:    Try loading font information for U+msa on input line 34.

("C:\Program Files (x86)\MiKTeX 2.9\tex\latex\amsfonts\umsa.fd"
File: umsa.fd 2009/06/22 v3.00 AMS symbols A
)
LaTeX Font Info:    Try loading font information for U+msb on input line 34.

("C:\Program Files (x86)\MiKTeX 2.9\tex\latex\amsfonts\umsb.fd"
File: umsb.fd 2009/06/22 v3.00 AMS symbols B
)) [1

{C:/ProgramData/MiKTeX/2.9/pdftex/config/pdftex.map} <C:/Users/Fabian/Documents
/GitHub/ship-evacuation/doc/latex/ETHlogo-eps-converted-to.pdf>]
Overfull \hbox (5.3226pt too wide) in paragraph at lines 53--80
 [] 
 []

[2] <pics/declaration.jpg, id=15, 598.1547pt x 845.0772pt>
File: pics/declaration.jpg Graphic file (type jpg)

<use pics/declaration.jpg>
Package pdftex.def Info: pics/declaration.jpg used on input line 87.
(pdftex.def)             Requested size: 430.00462pt x 607.53958pt.

Overfull \hbox (17.0pt too wide) in paragraph at lines 87--88
[][] 
 []


Overfull \vbox (51.06302pt too high) has occurred while \output is active []


[3 <C:/Users/Fabian/Documents/GitHub/ship-evacuation/doc/latex/pics/declaration
.jpg>]
(C:\Users\Fabian\Documents\GitHub\ship-evacuation\doc\latex\report_ship_evacuat
ion.toc [4])
\tf@toc=\write3
 [5]

Package natbib Warning: Citation `EscapePanic' on page 6 undefined on input lin
e 104.


Underfull \hbox (badness 10000) in paragraph at lines 104--108

 []


Underfull \hbox (badness 10000) in paragraph at lines 104--108

 []


Underfull \hbox (badness 10000) in paragraph at lines 104--108

 []

[6]
Missing character: There is no ‚ in font cmr12!
Missing character: There is no Ä in font cmr12!
Missing character: There is no ù in font cmr12!

Underfull \hbox (badness 10000) in paragraph at lines 131--132

 []


Underfull \hbox (badness 10000) in paragraph at lines 131--132

 []

[7]
LaTeX Font Info:    Try loading font information for OMS+cmr on input line 136.

 ("C:\Program Files (x86)\MiKTeX 2.9\tex\latex\base\omscmr.fd"
File: omscmr.fd 1999/05/25 v2.5h Standard LaTeX font definitions
)
LaTeX Font Info:    Font shape `OMS/cmr/m/n' in size <12> not available
(Font)              Font shape `OMS/cmsy/m/n' tried instead on input line 136.

Underfull \hbox (badness 10000) in paragraph at lines 137--138

 []


Underfull \hbox (badness 10000) in paragraph at lines 137--138

 []

[8] [9]

Package natbib Warning: Citation `EscapePanic' on page 10 undefined on input li
ne 168.

[10]
Underfull \hbox (badness 10000) in paragraph at lines 198--199

 []


Underfull \hbox (badness 10000) in paragraph at lines 198--199

 []

[11] [12] [13]
Overfull \hbox (12.79999pt too wide) in paragraph at lines 292--306
 [][] 
 []


Overfull \hbox (12.79999pt too wide) in paragraph at lines 328--351
 [][] 
 []

[14]
Overfull \hbox (12.79999pt too wide) in paragraph at lines 359--368
 [][] 
 []


Underfull \hbox (badness 4429) in paragraph at lines 377--381
\OT1/cmr/m/n/12 data.exit$[]$left(1,data.current$[]$exit) = data.exit$[]$left(1
,data.exit$[]$nr(round(newp(1)),
 []


Overfull \hbox (12.79999pt too wide) in paragraph at lines 374--383
 [][] 
 []


Overfull \hbox (12.79999pt too wide) in paragraph at lines 388--407
 [][] 
 []


LaTeX Warning: `!h' float specifier changed to `!ht'.

[15]
Underfull \hbox (badness 10000) in paragraph at lines 428--486

 []

[16]
Underfull \hbox (badness 10000) in paragraph at lines 488--569

 []

[17] <pics/Decksetup-stairs.pdf, id=72, 597.23125pt x 421.575pt>
File: pics/Decksetup-stairs.pdf Graphic file (type pdf)

<use pics/Decksetup-stairs.pdf>
Package pdftex.def Info: pics/Decksetup-stairs.pdf used on input line 609.
(pdftex.def)             Requested size: 210.55022pt x 148.62128pt.

<pics/deckconversion2.pdf, id=73, 128.48pt x 96.36pt>
File: pics/deckconversion2.pdf Graphic file (type pdf)

<use pics/deckconversion2.pdf>
Package pdftex.def Info: pics/deckconversion2.pdf used on input line 614.
(pdftex.def)             Requested size: 210.55022pt x 157.92552pt.
 [18]
<pics/Decktwostairs.pdf, id=77, 59.22125pt x 79.29625pt>
File: pics/Decktwostairs.pdf Graphic file (type pdf)

<use pics/Decktwostairs.pdf>
Package pdftex.def Info: pics/Decktwostairs.pdf used on input line 635.
(pdftex.def)             Requested size: 105.2751pt x 140.96655pt.
 [19 <C:/Users/Fabian/Documents/GitHub/ship-evacuation/doc/latex/pics/Decksetup
-stairs.pdf, page is rotated 90 degrees> <C:/Users/Fabian/Documents/GitHub/ship
-evacuation/doc/latex/pics/deckconversion2.pdf>]
Missing character: There is no ‚ in font cmr12!
Missing character: There is no Ä in font cmr12!
Missing character: There is no ô in font cmr12!

<pics/Decks.pdf, id=92, 845.1575pt x 597.23125pt>
File: pics/Decks.pdf Graphic file (type pdf)
 <use pics/Decks.pdf>
Package pdftex.def Info: pics/Decks.pdf used on input line 652.
(pdftex.def)             Requested size: 845.15544pt x 597.22978pt.

<pics/Decksconverted.pdf, id=93, 845.1575pt x 597.23125pt>
File: pics/Decksconverted.pdf Graphic file (type pdf)

<use pics/Decksconverted.pdf>
Package pdftex.def Info: pics/Decksconverted.pdf used on input line 657.
(pdftex.def)             Requested size: 845.15544pt x 597.22978pt.
 [20 <C:/Users/Fabian/Documents/GitHub/ship-evacuation/doc/latex/pics/Decktwost
airs.pdf>] [21 <C:/Users/Fabian/Documents/GitHub/ship-evacuation/doc/latex/pics
/Decks.pdf, page is rotated 90 degrees> <C:/Users/Fabian/Documents/GitHub/ship-
evacuation/doc/latex/pics/Decksconverted.pdf, page is rotated 90 degrees>]
Underfull \hbox (badness 10000) in paragraph at lines 676--678

 []


Underfull \hbox (badness 10000) in paragraph at lines 683--683
[]|\OT1/cmr/m/n/12 percentage
 []


Underfull \hbox (badness 10000) in paragraph at lines 684--684
[]|\OT1/cmr/m/n/12 evacuation
 []


Underfull \hbox (badness 10000) in paragraph at lines 685--685
[]|\OT1/cmr/m/n/12 evacuation
 []


Underfull \hbox (badness 10000) in paragraph at lines 686--686
[]|\OT1/cmr/m/n/12 averaged
 []


Underfull \hbox (badness 10000) in paragraph at lines 686--686
\OT1/cmr/m/n/12 evac-u-a-tion
 []

<pics/standard_cap1.pdf, id=119, 845.1575pt x 597.45204pt>
File: pics/standard_cap1.pdf Graphic file (type pdf)

<use pics/standard_cap1.pdf>
Package pdftex.def Info: pics/standard_cap1.pdf used on input line 697.
(pdftex.def)             Requested size: 210.55022pt x 148.843pt.

<pics/standard_agents1.pdf, id=120, 845.1575pt x 597.45204pt>
File: pics/standard_agents1.pdf Graphic file (type pdf)

<use pics/standard_agents1.pdf>
Package pdftex.def Info: pics/standard_agents1.pdf used on input line 701.
(pdftex.def)             Requested size: 210.55022pt x 148.843pt.
 [22]
Underfull \hbox (badness 10000) in paragraph at lines 713--713
[]|\OT1/cmr/m/n/12 percentage
 []


Underfull \hbox (badness 10000) in paragraph at lines 714--714
[]|\OT1/cmr/m/n/12 evacuation
 []

<pics/added_stairs_cap.pdf, id=124, 845.1575pt x 597.45204pt>
File: pics/added_stairs_cap.pdf Graphic file (type pdf)

<use pics/added_stairs_cap.pdf>
Package pdftex.def Info: pics/added_stairs_cap.pdf used on input line 722.
(pdftex.def)             Requested size: 210.55022pt x 148.843pt.

<pics/added_stairs_agents.pdf, id=125, 845.1575pt x 597.45204pt>
File: pics/added_stairs_agents.pdf Graphic file (type pdf)

<use pics/added_stairs_agents.pdf>
Package pdftex.def Info: pics/added_stairs_agents.pdf used on input line 726.
(pdftex.def)             Requested size: 210.55022pt x 148.843pt.
 [23 <C:/Users/Fabian/Documents/GitHub/ship-evacuation/doc/latex/pics/standard_
cap1.pdf, page is rotated 90 degrees> <C:/Users/Fabian/Documents/GitHub/ship-ev
acuation/doc/latex/pics/standard_agents1.pdf, page is rotated 90 degrees>]
Underfull \hbox (badness 10000) in paragraph at lines 742--742
[]|\OT1/cmr/m/n/12 percentage
 []


Underfull \hbox (badness 10000) in paragraph at lines 743--743
[]|\OT1/cmr/m/n/12 evacuation
 []

<pics/vary_cap.pdf, id=141, 845.1575pt x 597.45204pt>
File: pics/vary_cap.pdf Graphic file (type pdf)
 <use pics/vary_cap.pdf>
Package pdftex.def Info: pics/vary_cap.pdf used on input line 752.
(pdftex.def)             Requested size: 210.55022pt x 148.843pt.

<pics/vary_agents.pdf, id=142, 845.1575pt x 597.45204pt>
File: pics/vary_agents.pdf Graphic file (type pdf)

<use pics/vary_agents.pdf>
Package pdftex.def Info: pics/vary_agents.pdf used on input line 756.
(pdftex.def)             Requested size: 210.55022pt x 148.843pt.
 [24 <C:/Users/Fabian/Documents/GitHub/ship-evacuation/doc/latex/pics/added_sta
irs_cap.pdf, page is rotated 90 degrees> <C:/Users/Fabian/Documents/GitHub/ship
-evacuation/doc/latex/pics/added_stairs_agents.pdf, page is rotated 90 degrees>
]
Underfull \hbox (badness 10000) in paragraph at lines 772--772
[]|\OT1/cmr/m/n/12 percentage
 []


Underfull \hbox (badness 10000) in paragraph at lines 773--773
[]|\OT1/cmr/m/n/12 evacuation
 []

<pics/crew_cap.pdf, id=158, 845.1575pt x 597.45204pt>
File: pics/crew_cap.pdf Graphic file (type pdf)
 <use pics/crew_cap.pdf>
Package pdftex.def Info: pics/crew_cap.pdf used on input line 782.
(pdftex.def)             Requested size: 210.55022pt x 148.843pt.

<pics/crew_agents.pdf, id=159, 845.1575pt x 597.45204pt>
File: pics/crew_agents.pdf Graphic file (type pdf)

<use pics/crew_agents.pdf>
Package pdftex.def Info: pics/crew_agents.pdf used on input line 786.
(pdftex.def)             Requested size: 210.55022pt x 148.843pt.

Underfull \hbox (badness 2293) in paragraph at lines 787--787
[]\OT1/cmr/m/n/10.95 Figure 18: |Crew com-mand sim-u-la-tion:
 []

[25 <C:/Users/Fabian/Documents/GitHub/ship-evacuation/doc/latex/pics/vary_cap.p
df, page is rotated 90 degrees> <C:/Users/Fabian/Documents/GitHub/ship-evacuati
on/doc/latex/pics/vary_agents.pdf, page is rotated 90 degrees>] [26 <C:/Users/F
abian/Documents/GitHub/ship-evacuation/doc/latex/pics/crew_cap.pdf, page is rot
ated 90 degrees> <C:/Users/Fabian/Documents/GitHub/ship-evacuation/doc/latex/pi
cs/crew_agents.pdf, page is rotated 90 degrees>] [27]
Underfull \hbox (badness 1286) in paragraph at lines 834--835
[]\OT1/cmr/m/n/12 SOLAS (1974): In-ter-na-tional Con-ven-tion for the Safety of
 Life at Sea.
 []


Underfull \hbox (badness 10000) in paragraph at lines 834--835
$\OT1/cmtt/m/n/12 http : / / www . imo . org / about / conventions / listofconv
entions / pages /$
 []


Underfull \hbox (badness 10000) in paragraph at lines 834--835
$\OT1/cmtt/m/n/12 international-[]convention-[]for-[]the-[]safety-[]of-[]life-[
]at-[]sea-[](solas )$
 []

("C:\Program Files (x86)\MiKTeX 2.9\tex\latex\listings\lstlang1.sty"
File: lstlang1.sty 2004/09/05 1.3 listings language file
)
(C:\Users\Fabian\Documents\GitHub\ship-evacuation\code\addAgentRepulsiveForce.m
[28] [29] [30])
(C:\Users\Fabian\Documents\GitHub\ship-evacuation\code\addDesiredForce.m
[31]) (C:\Users\Fabian\Documents\GitHub\ship-evacuation\code\addWallForce.m)
[32]
(C:\Users\Fabian\Documents\GitHub\ship-evacuation\code\applyForcesAndMove.m
[33]
Overfull \hbox (60.60396pt too wide) in paragraph at lines 61--62
[][][][][][][][][][][][][][][][][][][][][][][][][][][][][][][][][][][][][][][][
][][][][][][][][][][][][][]  
 []


Overfull \hbox (23.59401pt too wide) in paragraph at lines 77--78
[][][][][][][][][][][][][][][]  
 []

[34] [35] [36]
Overfull \hbox (60.60396pt too wide) in paragraph at lines 206--207
[][][][][][][][][][][][][][][][][][][][][][][][][][][][][][][][][][][][][][][][
][][][][][][][][][][][][][]  
 []


Overfull \hbox (23.59401pt too wide) in paragraph at lines 222--223
[][][][][][][][][][][][][][][][][]  
 []

[37] [38])
(C:\Users\Fabian\Documents\GitHub\ship-evacuation\code\checkForIntersection.m
[39]) (C:\Users\Fabian\Documents\GitHub\ship-evacuation\code\compileC.m)
(C:\Users\Fabian\Documents\GitHub\ship-evacuation\code\initAgents.m [40])
(C:\Users\Fabian\Documents\GitHub\ship-evacuation\code\initEscapeRoutes.m
[41]) (C:\Users\Fabian\Documents\GitHub\ship-evacuation\code\initialize.m
[42]) [43]
(C:\Users\Fabian\Documents\GitHub\ship-evacuation\code\initWallForces.m)
(C:\Users\Fabian\Documents\GitHub\ship-evacuation\code\loadConfig.m [44]
Overfull \hbox (6.58406pt too wide) in paragraph at lines 71--73
[][][][][][][][][][][][][][][][][][][][][][][][][][][][][][][][]  
 []

[45])
(C:\Users\Fabian\Documents\GitHub\ship-evacuation\code\plotAgentsPerFloor.m)
(C:\Users\Fabian\Documents\GitHub\ship-evacuation\code\plotExitedAgents.m
[46]) (C:\Users\Fabian\Documents\GitHub\ship-evacuation\code\plotFloor.m
Overfull \hbox (3.90413pt too wide) in paragraph at lines 6--8
[][][][][][][][][][][][][][][][][][][]  
 []

) (C:\Users\Fabian\Documents\GitHub\ship-evacuation\code\postprocessing.m
[47] [48] [49] [50])
(C:\Users\Fabian\Documents\GitHub\ship-evacuation\code\simulate.m [51] [52])
("C:\Program Files (x86)\MiKTeX 2.9\tex\latex\listings\lstlang1.sty"
File: lstlang1.sty 2004/09/05 1.3 listings language file
)
("C:\Program Files (x86)\MiKTeX 2.9\tex\latex\listings\lstmisc.sty"
File: lstmisc.sty 2007/02/22 1.4 (Carsten Heinz)
)
(C:\Users\Fabian\Documents\GitHub\ship-evacuation\code\createRangeTree.c
[53]) (C:\Users\Fabian\Documents\GitHub\ship-evacuation\code\fastSweeping.c
[54] [55] [56] [57] [58] [59])
(C:\Users\Fabian\Documents\GitHub\ship-evacuation\code\getNormalizedGradient.c
[60] [61] [62]) (C:\Users\Fabian\Documents\GitHub\ship-evacuation\code\lerp2.c
[63]) (C:\Users\Fabian\Documents\GitHub\ship-evacuation\code\rangeQuery.c
[64]) (C:\Users\Fabian\Documents\GitHub\ship-evacuation\code\tree.h [65])
(C:\Users\Fabian\Documents\GitHub\ship-evacuation\code\tree_build.h)
(C:\Users\Fabian\Documents\GitHub\ship-evacuation\code\tree_build.c [66]
[67] [68] [69] [70])
(C:\Users\Fabian\Documents\GitHub\ship-evacuation\code\tree_free.c)
(C:\Users\Fabian\Documents\GitHub\ship-evacuation\code\tree_query.h)
(C:\Users\Fabian\Documents\GitHub\ship-evacuation\code\tree_query.c [71]
[72] [73] [74])
(C:\Users\Fabian\Documents\GitHub\ship-evacuation\code\tree_types.h [75])
(C:\Users\Fabian\Documents\GitHub\ship-evacuation\code_crew_command\addAgentRep
ulsiveForce.m [76] [77] [78])
(C:\Users\Fabian\Documents\GitHub\ship-evacuation\code_crew_command\addDesiredF
orce.m)
(C:\Users\Fabian\Documents\GitHub\ship-evacuation\code_crew_command\addWallForc
e.m [79])
(C:\Users\Fabian\Documents\GitHub\ship-evacuation\code_crew_command\applyForces
AndMove.m [80]
Overfull \hbox (60.60396pt too wide) in paragraph at lines 61--62
[][][][][][][][][][][][][][][][][][][][][][][][][][][][][][][][][][][][][][][][
][][][][][][][][][][][][][]  
 []

[81]
Overfull \hbox (23.59401pt too wide) in paragraph at lines 77--78
[][][][][][][][][][][][][][][]  
 []

[82] [83] [84]
Overfull \hbox (60.60396pt too wide) in paragraph at lines 206--207
[][][][][][][][][][][][][][][][][][][][][][][][][][][][][][][][][][][][][][][][
][][][][][][][][][][][][][]  
 []


Overfull \hbox (23.59401pt too wide) in paragraph at lines 222--223
[][][][][][][][][][][][][][][][][]  
 []

[85] [86]
Overfull \hbox (32.25404pt too wide) in paragraph at lines 291--292
[][][][][][][][][][][][][][][][][][][][]  
 []

)
(C:\Users\Fabian\Documents\GitHub\ship-evacuation\code_crew_command\checkForInt
ersection.m [87])
(C:\Users\Fabian\Documents\GitHub\ship-evacuation\code_crew_command\compileC.m)

(C:\Users\Fabian\Documents\GitHub\ship-evacuation\code_crew_command\initAgents.
m [88])
(C:\Users\Fabian\Documents\GitHub\ship-evacuation\code_crew_command\initEscapeR
outes.m [89])
(C:\Users\Fabian\Documents\GitHub\ship-evacuation\code_crew_command\initialize.
m [90]) [91]
(C:\Users\Fabian\Documents\GitHub\ship-evacuation\code_crew_command\initWallFor
ces.m)
(C:\Users\Fabian\Documents\GitHub\ship-evacuation\code_crew_command\loadConfig.
m [92]
Overfull \hbox (6.58406pt too wide) in paragraph at lines 71--73
[][][][][][][][][][][][][][][][][][][][][][][][][][][][][][][][]  
 []

[93])
(C:\Users\Fabian\Documents\GitHub\ship-evacuation\code_crew_command\plotAgentsP
erFloor.m [94])
(C:\Users\Fabian\Documents\GitHub\ship-evacuation\code_crew_command\plotExitedA
gents.m)
(C:\Users\Fabian\Documents\GitHub\ship-evacuation\code_crew_command\plotFloor.m

Overfull \hbox (3.90413pt too wide) in paragraph at lines 6--8
[][][][][][][][][][][][][][][][][][][]  
 []

[95])
(C:\Users\Fabian\Documents\GitHub\ship-evacuation\code_crew_command\simulate.m
[96] [97])

Package natbib Warning: There were undefined citations.

[98]
(C:\Users\Fabian\Documents\GitHub\ship-evacuation\doc\latex\report_ship_evacuat
ion.aux) ) 
Here is how much of TeX's memory you used:
 8512 strings out of 493921
 126221 string characters out of 3144873
 276150 words of memory out of 3000000
 11541 multiletter control sequences out of 15000+200000
 17008 words of font info for 65 fonts, out of 3000000 for 9000
 841 hyphenation exceptions out of 8191
 42i,15n,52p,762b,2062s stack positions out of 5000i,500n,10000p,200000b,50000s
<C:/Program Files (x86)/MiKTeX 2.9/fonts/type1/public/amsfonts/cm/cmb
x10.pfb><C:/Program Files (x86)/MiKTeX 2.9/fonts/type1/public/amsfonts/cm/cmbx1
2.pfb><C:/Program Files (x86)/MiKTeX 2.9/fonts/type1/public/amsfonts/cm/cmbxti1
0.pfb><C:/Program Files (x86)/MiKTeX 2.9/fonts/type1/public/amsfonts/cm/cmex10.
pfb><C:/Program Files (x86)/MiKTeX 2.9/fonts/type1/public/amsfonts/cm/cmmi12.pf
b><C:/Program Files (x86)/MiKTeX 2.9/fonts/type1/public/amsfonts/cm/cmmi8.pfb><
C:/Program Files (x86)/MiKTeX 2.9/fonts/type1/public/amsfonts/cm/cmr10.pfb><C:/
Program Files (x86)/MiKTeX 2.9/fonts/type1/public/amsfonts/cm/cmr12.pfb><C:/Pro
gram Files (x86)/MiKTeX 2.9/fonts/type1/public/amsfonts/cm/cmr17.pfb><C:/Progra
m Files (x86)/MiKTeX 2.9/fonts/type1/public/amsfonts/cm/cmr6.pfb><C:/Program Fi
les (x86)/MiKTeX 2.9/fonts/type1/public/amsfonts/cm/cmr8.pfb><C:/Program Files 
(x86)/MiKTeX 2.9/fonts/type1/public/amsfonts/cm/cmss12.pfb><C:/Program Files (x
86)/MiKTeX 2.9/fonts/type1/public/amsfonts/cm/cmsy10.pfb><C:/Program Files (x86
)/MiKTeX 2.9/fonts/type1/public/amsfonts/cm/cmsy8.pfb><C:/Program Files (x86)/M
iKTeX 2.9/fonts/type1/public/amsfonts/cm/cmti12.pfb><C:/Program Files (x86)/MiK
TeX 2.9/fonts/type1/public/amsfonts/cm/cmtt12.pfb><C:/Program Files (x86)/MiKTe
X 2.9/fonts/type1/public/amsfonts/cm/cmtt9.pfb>
Output written on report_ship_evacuation.pdf (98 pages, 5233174 bytes).
PDF statistics:
 479 PDF objects out of 1000 (max. 8388607)
 0 named destinations out of 1000 (max. 500000)
 76 words of extra memory for PDF output out of 10000 (max. 10000000)

